This is pdfTeX, Version 3.14159265-2.6-1.40.19 (TeX Live 2019/dev/Debian) (preloaded format=pdflatex 2019.10.29)  11 NOV 2019 21:25
entering extended mode
 restricted \write18 enabled.
 %&-line parsing enabled.
**Zakljucak.tex
(./Zakljucak.tex
LaTeX2e <2018-12-01>
! Undefined control sequence.
l.1 \chapter
            {Zaključak i budući rad}
The control sequence at the end of the top line
of your error message was never \def'ed. If you have
misspelled it (e.g., `\hobx'), type `I' and the correct
spelling (e.g., `I\hbox'). Otherwise just continue,
and I'll forget about whatever was undefined.


! LaTeX Error: Missing \begin{document}.

See the LaTeX manual or LaTeX Companion for explanation.
Type  H <return>  for immediate help.
 ...                                              
                                                  
l.1 \chapter{Z
              aključak i budući rad}
You're in trouble here.  Try typing  <return>  to proceed.
If that doesn't work, type  X <return>  to quit.

Missing character: There is no Z in font nullfont!
Missing character: There is no a in font nullfont!
Missing character: There is no k in font nullfont!
Missing character: There is no l in font nullfont!
Missing character: There is no j in font nullfont!
Missing character: There is no u in font nullfont!
LaTeX Font Info:    Try loading font information for +cmr on input line 1.
LaTeX Font Info:    No file cmr.fd. on input line 1.

LaTeX Font Warning: Font shape `/cmr/m/n' undefined
(Font)              using `/cmr/m/n' instead on input line 1.

! Corrupted NFSS tables.
wrong@fontshape ...message {Corrupted NFSS tables}
                                                  error@fontshape else let f...
l.1 \chapter{Zaključ
                     ak i budući rad}
This error message was generated by an \errmessage
command, so I can't give any explicit help.
Pretend that you're Hercule Poirot: Examine all clues,
and deduce the truth by order and method.


LaTeX Font Warning: Font shape `/cmr/m/n' undefined
(Font)              using `OT1/cmr/m/n' instead on input line 1.

Missing character: There is no a in font nullfont!
Missing character: There is no k in font nullfont!
Missing character: There is no i in font nullfont!
Missing character: There is no b in font nullfont!
Missing character: There is no u in font nullfont!
Missing character: There is no d in font nullfont!
Missing character: There is no u in font nullfont!
Missing character: There is no i in font nullfont!
Missing character: There is no r in font nullfont!
Missing character: There is no a in font nullfont!
Missing character: There is no d in font nullfont!

Overfull \hbox (29.44446pt too wide) in paragraph at lines 1--2
[]\/cmr/m/n/10 ^^Tc
 []


Overfull \hbox (4.44444pt too wide) in paragraph at lines 1--2
\/cmr/m/n/10 ^^Sc
 []


! LaTeX Error: Missing \begin{document}.

See the LaTeX manual or LaTeX Companion for explanation.
Type  H <return>  for immediate help.
 ...                                              
                                                  
l.3 		\textbf{\textit{dio 2. revizije}}
                                       \\
You're in trouble here.  Try typing  <return>  to proceed.
If that doesn't work, type  X <return>  to quit.


Overfull \hbox (35.37761pt too wide) in paragraph at lines 3--4
[]\OT1/cmr/bx/it/10 dio
 []


Overfull \hbox (9.46657pt too wide) in paragraph at lines 3--4
\OT1/cmr/bx/it/10 2.
 []


Overfull \hbox (13.89432pt too wide) in paragraph at lines 3--4
\OT1/cmr/bx/it/10 re-
 []


Overfull \hbox (17.92761pt too wide) in paragraph at lines 3--4
\OT1/cmr/bx/it/10 viz-
 []


Overfull \hbox (13.28322pt too wide) in paragraph at lines 3--4
\OT1/cmr/bx/it/10 ije 
 []


! LaTeX Error: Missing \begin{document}.

See the LaTeX manual or LaTeX Companion for explanation.
Type  H <return>  for immediate help.
 ...                                              
                                                  
l.5 ...ktive za nastavak rada u projektnoj grupi.}
                                                  
You're in trouble here.  Try typing  <return>  to proceed.
If that doesn't work, type  X <return>  to quit.


Overfull \hbox (27.43329pt too wide) in paragraph at lines 5--6
[]\OT1/cmr/m/it/10 U
 []


Overfull \hbox (22.99986pt too wide) in paragraph at lines 5--6
\OT1/cmr/m/it/10 ovom
 []


Overfull \hbox (37.0553pt too wide) in paragraph at lines 5--6
\OT1/cmr/m/it/10 poglavlju
 []


Overfull \hbox (36.67194pt too wide) in paragraph at lines 5--6
\OT1/cmr/m/it/10 potrebno
 []


Overfull \hbox (7.66661pt too wide) in paragraph at lines 5--6
\OT1/cmr/m/it/10 je
 []


Overfull \hbox (34.4998pt too wide) in paragraph at lines 5--6
\OT1/cmr/m/it/10 napisati
 []


Overfull \hbox (12.7777pt too wide) in paragraph at lines 5--6
\OT1/cmr/m/it/10 os-
 []


Overfull \hbox (12.13878pt too wide) in paragraph at lines 5--6
\OT1/cmr/m/it/10 vrt
 []


Overfull \hbox (10.73328pt too wide) in paragraph at lines 5--6
\OT1/cmr/m/it/10 na
 []


Overfull \hbox (15.46098pt too wide) in paragraph at lines 5--6
\OT1/cmr/m/it/10 vri-
 []


Overfull \hbox (20.4443pt too wide) in paragraph at lines 5--6
\OT1/cmr/m/it/10 jeme
 []


Overfull \hbox (25.68315pt too wide) in paragraph at lines 5--6
\OT1/cmr/m/it/10 izrade
 []


Overfull \hbox (17.50542pt too wide) in paragraph at lines 5--6
\OT1/cmr/m/it/10 pro-
 []


Overfull \hbox (15.84431pt too wide) in paragraph at lines 5--6
\OT1/cmr/m/it/10 jek-
 []


Overfull \hbox (18.1443pt too wide) in paragraph at lines 5--6
\OT1/cmr/m/it/10 tnog
 []


Overfull \hbox (12.7777pt too wide) in paragraph at lines 5--6
\OT1/cmr/m/it/10 za-
 []


Overfull \hbox (26.32205pt too wide) in paragraph at lines 5--6
\OT1/cmr/m/it/10 datka,
 []


Overfull \hbox (15.84435pt too wide) in paragraph at lines 5--6
\OT1/cmr/m/it/10 koji
 []


Overfull \hbox (9.4555pt too wide) in paragraph at lines 5--6
\OT1/cmr/m/it/10 su
 []


Overfull \hbox (33.98865pt too wide) in paragraph at lines 5--6
\OT1/cmr/m/it/10 tehni^^Tcki
 []


Overfull \hbox (15.84435pt too wide) in paragraph at lines 5--6
\OT1/cmr/m/it/10 iza-
 []


Overfull \hbox (16.86656pt too wide) in paragraph at lines 5--6
\OT1/cmr/m/it/10 zovi
 []


Overfull \hbox (16.9943pt too wide) in paragraph at lines 5--6
\OT1/cmr/m/it/10 pre-
 []


Overfull \hbox (17.37766pt too wide) in paragraph at lines 5--6
\OT1/cmr/m/it/10 poz-
 []


Overfull \hbox (20.18877pt too wide) in paragraph at lines 5--6
\OT1/cmr/m/it/10 nati,
 []


Overfull \hbox (17.12212pt too wide) in paragraph at lines 5--6
\OT1/cmr/m/it/10 jesu
 []


Overfull \hbox (5.6222pt too wide) in paragraph at lines 5--6
\OT1/cmr/m/it/10 li
 []


Overfull \hbox (32.32756pt too wide) in paragraph at lines 5--6
\OT1/cmr/m/it/10 rije^^Tseni
 []


Overfull \hbox (8.68884pt too wide) in paragraph at lines 5--6
\OT1/cmr/m/it/10 ili
 []


Overfull \hbox (19.42209pt too wide) in paragraph at lines 5--6
\OT1/cmr/m/it/10 kako
 []


Overfull \hbox (7.66661pt too wide) in paragraph at lines 5--6
\OT1/cmr/m/it/10 bi
 []


Overfull \hbox (22.99985pt too wide) in paragraph at lines 5--6
\OT1/cmr/m/it/10 mogli
 []


Overfull \hbox (14.05545pt too wide) in paragraph at lines 5--6
\OT1/cmr/m/it/10 biti
 []


Overfull \hbox (35.39421pt too wide) in paragraph at lines 5--6
\OT1/cmr/m/it/10 rije^^Tseni,
 []


Overfull \hbox (17.88878pt too wide) in paragraph at lines 5--6
\OT1/cmr/m/it/10 koja
 []


Overfull \hbox (9.4555pt too wide) in paragraph at lines 5--6
\OT1/cmr/m/it/10 su
 []


Overfull \hbox (28.62207pt too wide) in paragraph at lines 5--6
\OT1/cmr/m/it/10 znanja
 []


Overfull \hbox (31.94421pt too wide) in paragraph at lines 5--6
\OT1/cmr/m/it/10 ste^^Tcena
 []


Overfull \hbox (12.39436pt too wide) in paragraph at lines 5--6
\OT1/cmr/m/it/10 pri
 []


Overfull \hbox (24.14984pt too wide) in paragraph at lines 5--6
\OT1/cmr/m/it/10 izradi
 []


Overfull \hbox (17.50542pt too wide) in paragraph at lines 5--6
\OT1/cmr/m/it/10 pro-
 []


Overfull \hbox (23.7665pt too wide) in paragraph at lines 5--6
\OT1/cmr/m/it/10 jekta,
 []


Overfull \hbox (17.88878pt too wide) in paragraph at lines 5--6
\OT1/cmr/m/it/10 koja
 []


Overfull \hbox (7.66661pt too wide) in paragraph at lines 5--6
\OT1/cmr/m/it/10 bi
 []


Overfull \hbox (28.62207pt too wide) in paragraph at lines 5--6
\OT1/cmr/m/it/10 znanja
 []


Overfull \hbox (15.33324pt too wide) in paragraph at lines 5--6
\OT1/cmr/m/it/10 bila
 []


Overfull \hbox (33.73311pt too wide) in paragraph at lines 5--6
\OT1/cmr/m/it/10 posebno
 []


Overfull \hbox (36.67194pt too wide) in paragraph at lines 5--6
\OT1/cmr/m/it/10 potrebna
 []


Overfull \hbox (9.19995pt too wide) in paragraph at lines 5--6
\OT1/cmr/m/it/10 za
 []


Overfull \hbox (17.50542pt too wide) in paragraph at lines 5--6
\OT1/cmr/m/it/10 br^^Tze
 []


Overfull \hbox (3.06665pt too wide) in paragraph at lines 5--6
\OT1/cmr/m/it/10 i
 []


Overfull \hbox (34.75528pt too wide) in paragraph at lines 5--6
\OT1/cmr/m/it/10 kvalitet-
 []


Overfull \hbox (16.35545pt too wide) in paragraph at lines 5--6
\OT1/cmr/m/it/10 nije
 []


Overfull \hbox (16.09988pt too wide) in paragraph at lines 5--6
\OT1/cmr/m/it/10 ost-
 []


Overfull \hbox (31.30531pt too wide) in paragraph at lines 5--6
\OT1/cmr/m/it/10 varenje
 []


Overfull \hbox (17.50542pt too wide) in paragraph at lines 5--6
\OT1/cmr/m/it/10 pro-
 []


Overfull \hbox (20.69984pt too wide) in paragraph at lines 5--6
\OT1/cmr/m/it/10 jekta
 []


Overfull \hbox (3.06665pt too wide) in paragraph at lines 5--6
\OT1/cmr/m/it/10 i
 []


Overfull \hbox (17.37766pt too wide) in paragraph at lines 5--6
\OT1/cmr/m/it/10 koje
 []


Overfull \hbox (7.66661pt too wide) in paragraph at lines 5--6
\OT1/cmr/m/it/10 bi
 []


Overfull \hbox (14.82211pt too wide) in paragraph at lines 5--6
\OT1/cmr/m/it/10 bile
 []


Overfull \hbox (16.9943pt too wide) in paragraph at lines 5--6
\OT1/cmr/m/it/10 per-
 []


Overfull \hbox (21.46649pt too wide) in paragraph at lines 5--6
\OT1/cmr/m/it/10 spek-
 []


Overfull \hbox (15.58876pt too wide) in paragraph at lines 5--6
\OT1/cmr/m/it/10 tive
 []


Overfull \hbox (9.19995pt too wide) in paragraph at lines 5--6
\OT1/cmr/m/it/10 za
 []


Overfull \hbox (18.39989pt too wide) in paragraph at lines 5--6
\OT1/cmr/m/it/10 nas-
 []


Overfull \hbox (22.74428pt too wide) in paragraph at lines 5--6
\OT1/cmr/m/it/10 tavak
 []


Overfull \hbox (19.03876pt too wide) in paragraph at lines 5--6
\OT1/cmr/m/it/10 rada
 []


Overfull \hbox (5.36664pt too wide) in paragraph at lines 5--6
\OT1/cmr/m/it/10 u
 []


Overfull \hbox (17.50542pt too wide) in paragraph at lines 5--6
\OT1/cmr/m/it/10 pro-
 []


Overfull \hbox (15.84431pt too wide) in paragraph at lines 5--6
\OT1/cmr/m/it/10 jek-
 []


Overfull \hbox (6.89993pt too wide) in paragraph at lines 5--6
\OT1/cmr/m/it/10 t-
 []


Overfull \hbox (13.79993pt too wide) in paragraph at lines 5--6
\OT1/cmr/m/it/10 noj
 []


Overfull \hbox (25.42761pt too wide) in paragraph at lines 5--6
\OT1/cmr/m/it/10 grupi. 
 []


! LaTeX Error: Missing \begin{document}.

See the LaTeX manual or LaTeX Companion for explanation.
Type  H <return>  for immediate help.
 ...                                              
                                                  
l.7 ...su implementirane u ostvarenoj aplikaciji.}
                                                  
You're in trouble here.  Try typing  <return>  to proceed.
If that doesn't work, type  X <return>  to quit.


Overfull \hbox (58.85527pt too wide) in paragraph at lines 7--8
[]\OT1/cmr/m/it/10 Potrebno
 []


Overfull \hbox (7.66661pt too wide) in paragraph at lines 7--8
\OT1/cmr/m/it/10 je
 []


Overfull \hbox (23.76651pt too wide) in paragraph at lines 7--8
\OT1/cmr/m/it/10 to^^Tcno
 []


Overfull \hbox (33.47757pt too wide) in paragraph at lines 7--8
\OT1/cmr/m/it/10 popisati
 []


Overfull \hbox (48.2997pt too wide) in paragraph at lines 7--8
\OT1/cmr/m/it/10 funkcional-
 []


Overfull \hbox (21.21098pt too wide) in paragraph at lines 7--8
\OT1/cmr/m/it/10 nosti
 []


Overfull \hbox (17.37766pt too wide) in paragraph at lines 7--8
\OT1/cmr/m/it/10 koje
 []


Overfull \hbox (18.14435pt too wide) in paragraph at lines 7--8
\OT1/cmr/m/it/10 nisu
 []


Overfull \hbox (14.82213pt too wide) in paragraph at lines 7--8
\OT1/cmr/m/it/10 im-
 []


Overfull \hbox (15.84433pt too wide) in paragraph at lines 7--8
\OT1/cmr/m/it/10 ple-
 []


Overfull \hbox (21.97763pt too wide) in paragraph at lines 7--8
\OT1/cmr/m/it/10 men-
 []


Overfull \hbox (9.96658pt too wide) in paragraph at lines 7--8
\OT1/cmr/m/it/10 ti-
 []


Overfull \hbox (19.03874pt too wide) in paragraph at lines 7--8
\OT1/cmr/m/it/10 rane
 []


Overfull \hbox (5.36664pt too wide) in paragraph at lines 7--8
\OT1/cmr/m/it/10 u
 []


Overfull \hbox (16.09988pt too wide) in paragraph at lines 7--8
\OT1/cmr/m/it/10 ost-
 []


Overfull \hbox (31.81644pt too wide) in paragraph at lines 7--8
\OT1/cmr/m/it/10 varenoj
 []


Overfull \hbox (13.79991pt too wide) in paragraph at lines 7--8
\OT1/cmr/m/it/10 ap-
 []


Overfull \hbox (32.1998pt too wide) in paragraph at lines 7--8
\OT1/cmr/m/it/10 likaciji. 
 []


Underfull \vbox (badness 10000) has occurred while \output is active []



! LaTeX Error: The font size command \normalsize is not defined:
               there is probably something wrong with the class file.

See the LaTeX manual or LaTeX Companion for explanation.
Type  H <return>  for immediate help.
 ...                                              
                                                  
l.9 		\eject
            
Your command was ignored.
Type  I <command> <return>  to replace it with another command,
or  <return>  to continue without it.

[1{/var/lib/texmf/fonts/map/pdftex/updmap/pdftex.map}])
! Emergency stop.
<*> Zakljucak.tex
                 
*** (job aborted, no legal \end found)

 
Here is how much of TeX's memory you used:
 23 strings out of 492615
 303 string characters out of 6131389
 59491 words of memory out of 5000000
 4030 multiletter control sequences out of 15000+600000
 4653 words of font info for 17 fonts, out of 8000000 for 9000
 1141 hyphenation exceptions out of 8191
 16i,4n,16p,405b,115s stack positions out of 5000i,500n,10000p,200000b,80000s
!  ==> Fatal error occurred, no output PDF file produced!
